<?xml version="1.0" encoding="UTF-8"?>
<!-- Generated by org.testng.reporters.JUnitReportReporter -->
<testsuite skipped="0" hostname="HCL-PC" name="Base.BaseTest" tests="1" failures="0" timestamp="04 Nov 2018 08:44:51 GMT" time="23.576" errors="0">
  <testcase name="HomePageClick" time="23.576" classname="Base.BaseTest"/>
</testsuite> <!-- Base.BaseTest -->
