<?xml version="1.0" encoding="UTF-8"?>
<!-- Generated by org.testng.reporters.JUnitReportReporter -->
<testsuite skipped="0" hostname="HCL-PC" name="Test.TC1" tests="1" failures="0" timestamp="04 Nov 2018 09:56:15 GMT" time="7.716" errors="0">
  <testcase name="HomePageClick" time="7.716" classname="Test.TC1"/>
</testsuite> <!-- Test.TC1 -->
